\BOOKMARK [0][-]{chapter*.1}{HALAMAN PENGESAHAN}{}% 1
\BOOKMARK [0][-]{chapter*.2}{KATA PENGANTAR}{}% 2
\BOOKMARK [0][-]{chapter*.3}{DAFTAR ISI}{}% 3
\BOOKMARK [0][-]{chapter*.4}{DAFTAR TABEL}{}% 4
\BOOKMARK [0][-]{chapter*.5}{DAFTAR GAMBAR}{}% 5
\BOOKMARK [0][-]{chapter*.6}{Intisari}{}% 6
\BOOKMARK [0][-]{chapter*.7}{Abstract}{}% 7
\BOOKMARK [0][-]{chapter.1}{PENDAHULUAN}{}% 8
\BOOKMARK [1][-]{section.1.1}{Latar Belakang Masalah}{chapter.1}% 9
\BOOKMARK [1][-]{section.1.2}{Tujuan Penelitian}{chapter.1}% 10
\BOOKMARK [2][-]{subsection.1.2.1}{Secara Umum}{section.1.2}% 11
\BOOKMARK [2][-]{subsection.1.2.2}{Tujuan Khusus}{section.1.2}% 12
\BOOKMARK [1][-]{section.1.3}{Batasan Penelitian}{chapter.1}% 13
\BOOKMARK [1][-]{section.1.4}{Metode Kerja Praktik}{chapter.1}% 14
\BOOKMARK [1][-]{section.1.5}{Sistematika Penulisan}{chapter.1}% 15
\BOOKMARK [0][-]{chapter.2}{LANDASAN TEORI}{}% 16
\BOOKMARK [1][-]{section.2.1}{Gambaran Umum Robot Lengan}{chapter.2}% 17
\BOOKMARK [2][-]{subsection.2.1.1}{Degress of Freedom }{section.2.1}% 18
\BOOKMARK [2][-]{subsection.2.1.2}{Konfigurasi Robot Lengan}{section.2.1}% 19
\BOOKMARK [2][-]{subsection.2.1.3}{ Wrist dan End-effector }{section.2.1}% 20
\BOOKMARK [1][-]{section.2.2}{Kinematika}{chapter.2}% 21
\BOOKMARK [2][-]{subsection.2.2.1}{Kinematika Maju}{section.2.2}% 22
\BOOKMARK [2][-]{subsection.2.2.2}{Kinematika Balik}{section.2.2}% 23
\BOOKMARK [1][-]{section.2.3}{Motor DC}{chapter.2}% 24
\BOOKMARK [1][-]{section.2.4}{Regulator}{chapter.2}% 25
\BOOKMARK [1][-]{section.2.5}{Arduino}{chapter.2}% 26
\BOOKMARK [1][-]{section.2.6}{Motor servo}{chapter.2}% 27
\BOOKMARK [0][-]{chapter.3}{PERANCANGAN SISTEM}{}% 28
\BOOKMARK [1][-]{section.3.1}{Metode Perancangan sistem}{chapter.3}% 29
\BOOKMARK [2][-]{subsection.3.1.1}{Diagram Blok Perancangan Sistem}{section.3.1}% 30
\BOOKMARK [2][-]{subsection.3.1.2}{Flowchart Cara Kerja Sistem}{section.3.1}% 31
\BOOKMARK [2][-]{subsection.3.1.3}{Perancangan Elektronis}{section.3.1}% 32
\BOOKMARK [2][-]{subsection.3.1.4}{Perancangan Elektronis}{section.3.1}% 33
\BOOKMARK [2][-]{subsection.3.1.5}{Pemrograman Kontroller \046 Implementasi PID}{section.3.1}% 34
\BOOKMARK [2][-]{subsection.3.1.6}{Perancangan Antar Muka \046 Inplementasi Invers Kinematic}{section.3.1}% 35
\BOOKMARK [0][-]{chapter.4}{PENUTUP}{}% 36
\BOOKMARK [0][-]{chapter*.28}{DAFTAR PUSTAKA}{}% 37
