This is pdfTeX, Version 3.14159265-2.6-1.40.20 (MiKTeX 2.9.7050 64-bit) (preloaded format=pdflatex 2019.7.18)  20 DEC 2019 20:44
entering extended mode
**./Laporan_KP.tex
(Laporan_KP.tex
LaTeX2e <2018-12-01>
(DTEDI_KP.cls
Document Class: DTEDI_KP 
("C:\Users\IVAN\AppData\Local\Programs\MiKTeX 2.9\tex/generic/babel\babel.sty"
Package: babel 2019/06/03 3.32 The Babel package

("C:\Users\IVAN\AppData\Local\Programs\MiKTeX 2.9\tex/generic/babel\switch.def"
File: switch.def 2019/06/03 3.32 Babel switching mechanism
)
*************************************
* Local config file bblopts.cfg used
*
("C:\Users\IVAN\AppData\Local\Programs\MiKTeX 2.9\tex/latex/arabi\bblopts.cfg"
File: bblopts.cfg 2005/09/08 v0.1 add Arabic and Farsi to "declared" options of
 babel
)
("C:\Users\IVAN\AppData\Local\Programs\MiKTeX 2.9\tex/latex/babel-english\engli
sh.ldf"
Language: english 2017/06/06 v3.3r English support from the babel system

("C:\Users\IVAN\AppData\Local\Programs\MiKTeX 2.9\tex/generic/babel\babel.def"
File: babel.def 2019/06/03 3.32 Babel common definitions
\babel@savecnt=\count80
\U@D=\dimen102

("C:\Users\IVAN\AppData\Local\Programs\MiKTeX 2.9\tex/generic/babel\txtbabel.de
f")
\bbl@dirlevel=\count81
)
\l@canadian = a dialect from \language\l@american 
\l@australian = a dialect from \language\l@british 
\l@newzealand = a dialect from \language\l@british 
)
("C:\Users\IVAN\AppData\Local\Programs\MiKTeX 2.9\tex/latex/babel-indonesian\ba
hasa.ldf"
Language: bahasa 2017/02/15 v1.0m Bahasa Indonesia support from the babel syste
m

("C:\Users\IVAN\AppData\Local\Programs\MiKTeX 2.9\tex/latex/babel-indonesian\in
donesian.ldf"
Language: indonesian 2017/02/15 v1.0m Bahasa Indonesia support from the babel s
ystem
)))
("C:\Users\IVAN\AppData\Local\Programs\MiKTeX 2.9\tex/latex/tools\indentfirst.s
ty"
Package: indentfirst 1995/11/23 v1.03 Indent first paragraph (DPC)
)
("C:\Users\IVAN\AppData\Local\Programs\MiKTeX 2.9\tex/latex/setspace\setspace.s
ty"
Package: setspace 2011/12/19 v6.7a set line spacing
)
("C:\Users\IVAN\AppData\Local\Programs\MiKTeX 2.9\tex/latex/base\fontenc.sty"
Package: fontenc 2018/08/11 v2.0j Standard LaTeX package

("C:\Users\IVAN\AppData\Local\Programs\MiKTeX 2.9\tex/latex/base\t1enc.def"
File: t1enc.def 2018/08/11 v2.0j Standard LaTeX file
LaTeX Font Info:    Redeclaring font encoding T1 on input line 48.
))
("C:\Users\IVAN\AppData\Local\Programs\MiKTeX 2.9\tex/latex/psnfss\times.sty"
Package: times 2005/04/12 PSNFSS-v9.2a (SPQR) 
)
("C:\Users\IVAN\AppData\Local\Programs\MiKTeX 2.9\tex/latex/graphics\graphicx.s
ty"
Package: graphicx 2017/06/01 v1.1a Enhanced LaTeX Graphics (DPC,SPQR)

("C:\Users\IVAN\AppData\Local\Programs\MiKTeX 2.9\tex/latex/graphics\keyval.sty
"
Package: keyval 2014/10/28 v1.15 key=value parser (DPC)
\KV@toks@=\toks14
)
("C:\Users\IVAN\AppData\Local\Programs\MiKTeX 2.9\tex/latex/graphics\graphics.s
ty"
Package: graphics 2017/06/25 v1.2c Standard LaTeX Graphics (DPC,SPQR)

("C:\Users\IVAN\AppData\Local\Programs\MiKTeX 2.9\tex/latex/graphics\trig.sty"
Package: trig 2016/01/03 v1.10 sin cos tan (DPC)
)
("C:\Users\IVAN\AppData\Local\Programs\MiKTeX 2.9\tex/latex/graphics-cfg\graphi
cs.cfg"
File: graphics.cfg 2016/06/04 v1.11 sample graphics configuration
)
Package graphics Info: Driver file: pdftex.def on input line 99.

("C:\Users\IVAN\AppData\Local\Programs\MiKTeX 2.9\tex/latex/graphics-def\pdftex
.def"
File: pdftex.def 2018/01/08 v1.0l Graphics/color driver for pdftex
))
\Gin@req@height=\dimen103
\Gin@req@width=\dimen104
)
("C:\Users\IVAN\AppData\Local\Programs\MiKTeX 2.9\tex/latex/base\latexsym.sty"
Package: latexsym 1998/08/17 v2.2e Standard LaTeX package (lasy symbols)
\symlasy=\mathgroup4
LaTeX Font Info:    Overwriting symbol font `lasy' in version `bold'
(Font)                  U/lasy/m/n --> U/lasy/b/n on input line 52.
)
("C:\Users\IVAN\AppData\Local\Programs\MiKTeX 2.9\tex/latex/geometry\geometry.s
ty"
Package: geometry 2018/04/16 v5.8 Page Geometry

("C:\Users\IVAN\AppData\Local\Programs\MiKTeX 2.9\tex/generic/oberdiek\ifpdf.st
y"
Package: ifpdf 2018/09/07 v3.3 Provides the ifpdf switch
)
("C:\Users\IVAN\AppData\Local\Programs\MiKTeX 2.9\tex/generic/oberdiek\ifvtex.s
ty"
Package: ifvtex 2016/05/16 v1.6 Detect VTeX and its facilities (HO)
Package ifvtex Info: VTeX not detected.
)
("C:\Users\IVAN\AppData\Local\Programs\MiKTeX 2.9\tex/generic/ifxetex\ifxetex.s
ty"
Package: ifxetex 2010/09/12 v0.6 Provides ifxetex conditional
)
\Gm@cnth=\count82
\Gm@cntv=\count83
\c@Gm@tempcnt=\count84
\Gm@bindingoffset=\dimen105
\Gm@wd@mp=\dimen106
\Gm@odd@mp=\dimen107
\Gm@even@mp=\dimen108
\Gm@layoutwidth=\dimen109
\Gm@layoutheight=\dimen110
\Gm@layouthoffset=\dimen111
\Gm@layoutvoffset=\dimen112
\Gm@dimlist=\toks15

("C:\Users\IVAN\AppData\Local\Programs\MiKTeX 2.9\tex/latex/geometry\geometry.c
fg"))
("C:\Users\IVAN\AppData\Local\Programs\MiKTeX 2.9\tex/latex/tools\verbatim.sty"
Package: verbatim 2014/10/28 v1.5q LaTeX2e package for verbatim enhancements
\every@verbatim=\toks16
\verbatim@line=\toks17
\verbatim@in@stream=\read1
)
("C:\Users\IVAN\AppData\Local\Programs\MiKTeX 2.9\tex/latex/tools\enumerate.sty
"
Package: enumerate 2015/07/23 v3.00 enumerate extensions (DPC)
\@enLab=\toks18
)
("C:\Users\IVAN\AppData\Local\Programs\MiKTeX 2.9\tex/latex/booktabs\booktabs.s
ty"
Package: booktabs 2005/04/14 v1.61803 publication quality tables
\heavyrulewidth=\dimen113
\lightrulewidth=\dimen114
\cmidrulewidth=\dimen115
\belowrulesep=\dimen116
\belowbottomsep=\dimen117
\aboverulesep=\dimen118
\abovetopsep=\dimen119
\cmidrulesep=\dimen120
\cmidrulekern=\dimen121
\defaultaddspace=\dimen122
\@cmidla=\count85
\@cmidlb=\count86
\@aboverulesep=\dimen123
\@belowrulesep=\dimen124
\@thisruleclass=\count87
\@lastruleclass=\count88
\@thisrulewidth=\dimen125
)
("C:\Users\IVAN\AppData\Local\Programs\MiKTeX 2.9\tex/latex/xcolor\xcolor.sty"
Package: xcolor 2016/05/11 v2.12 LaTeX color extensions (UK)

("C:\Users\IVAN\AppData\Local\Programs\MiKTeX 2.9\tex/latex/graphics-cfg\color.
cfg"
File: color.cfg 2016/01/02 v1.6 sample color configuration
)
Package xcolor Info: Driver file: pdftex.def on input line 225.

("C:\Users\IVAN\AppData\Local\Programs\MiKTeX 2.9\tex/latex/colortbl\colortbl.s
ty"
Package: colortbl 2018/12/12 v1.0d Color table columns (DPC)
 ("C:\Users\IVAN\AppData\Local\Programs\MiKTeX 2.9\tex/latex/tools\array.sty"
Package: array 2018/12/30 v2.4k Tabular extension package (FMi)
\col@sep=\dimen126
\ar@mcellbox=\box27
\extrarowheight=\dimen127
\NC@list=\toks19
\extratabsurround=\skip41
\backup@length=\skip42
\ar@cellbox=\box28
)
\everycr=\toks20
\minrowclearance=\skip43
)
\rownum=\count89
Package xcolor Info: Model `cmy' substituted by `cmy0' on input line 1348.
Package xcolor Info: Model `hsb' substituted by `rgb' on input line 1352.
Package xcolor Info: Model `RGB' extended on input line 1364.
Package xcolor Info: Model `HTML' substituted by `rgb' on input line 1366.
Package xcolor Info: Model `Hsb' substituted by `hsb' on input line 1367.
Package xcolor Info: Model `tHsb' substituted by `hsb' on input line 1368.
Package xcolor Info: Model `HSB' substituted by `hsb' on input line 1369.
Package xcolor Info: Model `Gray' substituted by `gray' on input line 1370.
Package xcolor Info: Model `wave' substituted by `hsb' on input line 1371.
)
("C:\Users\IVAN\AppData\Local\Programs\MiKTeX 2.9\tex/latex/multirow\multirow.s
ty"
Package: multirow 2019/05/31 v2.5 Span multiple rows of a table
\multirow@colwidth=\skip44
\multirow@cntb=\count90
\multirow@dima=\skip45
\bigstrutjot=\dimen128
) ("C:\Users\IVAN\AppData\Local\Programs\MiKTeX 2.9\tex/latex/float\float.sty"
Package: float 2001/11/08 v1.3d Float enhancements (AL)
\c@float@type=\count91
\float@exts=\toks21
\float@box=\box29
\@float@everytoks=\toks22
\@floatcapt=\box30
) ("C:\Users\IVAN\AppData\Local\Programs\MiKTeX 2.9\tex/latex/base\report.cls"
Document Class: report 2018/09/03 v1.4i Standard LaTeX document class
("C:\Users\IVAN\AppData\Local\Programs\MiKTeX 2.9\tex/latex/base\size12.clo"
File: size12.clo 2018/09/03 v1.4i Standard LaTeX file (size option)
)
\c@part=\count92
\c@chapter=\count93
\c@section=\count94
\c@subsection=\count95
\c@subsubsection=\count96
\c@paragraph=\count97
\c@subparagraph=\count98
\c@figure=\count99
\c@table=\count100
\abovecaptionskip=\skip46
\belowcaptionskip=\skip47
\bibindent=\dimen129
)) ("C:\Users\IVAN\AppData\Local\Programs\MiKTeX 2.9\tex/latex/tocloft\tocloft.
sty"
Package: tocloft 2017/08/31 v2.3i parameterised ToC, etc., typesetting
Package tocloft Info: The document has chapter divisions on input line 51.
\cftparskip=\skip48
\cftbeforetoctitleskip=\skip49
\cftaftertoctitleskip=\skip50
\cftbeforepartskip=\skip51
\cftpartnumwidth=\skip52
\cftpartindent=\skip53
\cftbeforechapskip=\skip54
\cftchapindent=\skip55
\cftchapnumwidth=\skip56
\cftbeforesecskip=\skip57
\cftsecindent=\skip58
\cftsecnumwidth=\skip59
\cftbeforesubsecskip=\skip60
\cftsubsecindent=\skip61
\cftsubsecnumwidth=\skip62
\cftbeforesubsubsecskip=\skip63
\cftsubsubsecindent=\skip64
\cftsubsubsecnumwidth=\skip65
\cftbeforeparaskip=\skip66
\cftparaindent=\skip67
\cftparanumwidth=\skip68
\cftbeforesubparaskip=\skip69
\cftsubparaindent=\skip70
\cftsubparanumwidth=\skip71
\cftbeforeloftitleskip=\skip72
\cftafterloftitleskip=\skip73
\cftbeforefigskip=\skip74
\cftfigindent=\skip75
\cftfignumwidth=\skip76
\c@lofdepth=\count101
\c@lotdepth=\count102
\cftbeforelottitleskip=\skip77
\cftafterlottitleskip=\skip78
\cftbeforetabskip=\skip79
\cfttabindent=\skip80
\cfttabnumwidth=\skip81
)
("C:\Users\IVAN\AppData\Local\Programs\MiKTeX 2.9\tex/latex/hyperref\hyperref.s
ty"
Package: hyperref 2018/11/30 v6.88e Hypertext links for LaTeX

("C:\Users\IVAN\AppData\Local\Programs\MiKTeX 2.9\tex/generic/oberdiek\hobsub-h
yperref.sty"
Package: hobsub-hyperref 2016/05/16 v1.14 Bundle oberdiek, subset hyperref (HO)


("C:\Users\IVAN\AppData\Local\Programs\MiKTeX 2.9\tex/generic/oberdiek\hobsub-g
eneric.sty"
Package: hobsub-generic 2016/05/16 v1.14 Bundle oberdiek, subset generic (HO)
Package: hobsub 2016/05/16 v1.14 Construct package bundles (HO)
Package: infwarerr 2016/05/16 v1.4 Providing info/warning/error messages (HO)
Package: ltxcmds 2016/05/16 v1.23 LaTeX kernel commands for general use (HO)
Package: ifluatex 2016/05/16 v1.4 Provides the ifluatex switch (HO)
Package ifluatex Info: LuaTeX not detected.
Package hobsub Info: Skipping package `ifvtex' (already loaded).
Package: intcalc 2016/05/16 v1.2 Expandable calculations with integers (HO)
Package hobsub Info: Skipping package `ifpdf' (already loaded).
Package: etexcmds 2016/05/16 v1.6 Avoid name clashes with e-TeX commands (HO)
Package: kvsetkeys 2016/05/16 v1.17 Key value parser (HO)
Package: kvdefinekeys 2016/05/16 v1.4 Define keys (HO)
Package: pdftexcmds 2018/09/10 v0.29 Utility functions of pdfTeX for LuaTeX (HO
)
Package pdftexcmds Info: LuaTeX not detected.
Package pdftexcmds Info: \pdf@primitive is available.
Package pdftexcmds Info: \pdf@ifprimitive is available.
Package pdftexcmds Info: \pdfdraftmode found.
Package: pdfescape 2016/05/16 v1.14 Implements pdfTeX's escape features (HO)
Package: bigintcalc 2016/05/16 v1.4 Expandable calculations on big integers (HO
)
Package: bitset 2016/05/16 v1.2 Handle bit-vector datatype (HO)
Package: uniquecounter 2016/05/16 v1.3 Provide unlimited unique counter (HO)
)
Package hobsub Info: Skipping package `hobsub' (already loaded).
Package: letltxmacro 2016/05/16 v1.5 Let assignment for LaTeX macros (HO)
Package: hopatch 2016/05/16 v1.3 Wrapper for package hooks (HO)
Package: xcolor-patch 2016/05/16 xcolor patch
Package: atveryend 2016/05/16 v1.9 Hooks at the very end of document (HO)
Package atveryend Info: \enddocument detected (standard20110627).
Package: atbegshi 2016/06/09 v1.18 At begin shipout hook (HO)
Package: refcount 2016/05/16 v3.5 Data extraction from label references (HO)
Package: hycolor 2016/05/16 v1.8 Color options for hyperref/bookmark (HO)
)
("C:\Users\IVAN\AppData\Local\Programs\MiKTeX 2.9\tex/latex/oberdiek\auxhook.st
y"
Package: auxhook 2016/05/16 v1.4 Hooks for auxiliary files (HO)
)
("C:\Users\IVAN\AppData\Local\Programs\MiKTeX 2.9\tex/latex/oberdiek\kvoptions.
sty"
Package: kvoptions 2016/05/16 v3.12 Key value format for package options (HO)
)
\@linkdim=\dimen130
\Hy@linkcounter=\count103
\Hy@pagecounter=\count104

("C:\Users\IVAN\AppData\Local\Programs\MiKTeX 2.9\tex/latex/hyperref\pd1enc.def
"
File: pd1enc.def 2018/11/30 v6.88e Hyperref: PDFDocEncoding definition (HO)
Now handling font encoding PD1 ...
... no UTF-8 mapping file for font encoding PD1
)
\Hy@SavedSpaceFactor=\count105

("C:\Users\IVAN\AppData\Local\Programs\MiKTeX 2.9\tex/latex/00miktex\hyperref.c
fg"
File: hyperref.cfg 2002/06/06 v1.2 hyperref configuration of TeXLive
)
Package hyperref Info: Hyper figures OFF on input line 4519.
Package hyperref Info: Link nesting OFF on input line 4524.
Package hyperref Info: Hyper index ON on input line 4527.
Package hyperref Info: Plain pages OFF on input line 4534.
Package hyperref Info: Backreferencing OFF on input line 4539.
Package hyperref Info: Implicit mode ON; LaTeX internals redefined.
Package hyperref Info: Bookmarks ON on input line 4772.
\c@Hy@tempcnt=\count106
 ("C:\Users\IVAN\AppData\Local\Programs\MiKTeX 2.9\tex/latex/url\url.sty"
\Urlmuskip=\muskip10
Package: url 2013/09/16  ver 3.4  Verb mode for urls, etc.
)
LaTeX Info: Redefining \url on input line 5125.
\XeTeXLinkMargin=\dimen131
\Fld@menulength=\count107
\Field@Width=\dimen132
\Fld@charsize=\dimen133
Package hyperref Info: Hyper figures OFF on input line 6380.
Package hyperref Info: Link nesting OFF on input line 6385.
Package hyperref Info: Hyper index ON on input line 6388.
Package hyperref Info: backreferencing OFF on input line 6395.
Package hyperref Info: Link coloring OFF on input line 6400.
Package hyperref Info: Link coloring with OCG OFF on input line 6405.
Package hyperref Info: PDF/A mode OFF on input line 6410.
LaTeX Info: Redefining \ref on input line 6450.
LaTeX Info: Redefining \pageref on input line 6454.
\Hy@abspage=\count108
\c@Item=\count109
\c@Hfootnote=\count110
)
Package hyperref Info: Driver (autodetected): hpdftex.

("C:\Users\IVAN\AppData\Local\Programs\MiKTeX 2.9\tex/latex/hyperref\hpdftex.de
f"
File: hpdftex.def 2018/11/30 v6.88e Hyperref driver for pdfTeX
\Fld@listcount=\count111
\c@bookmark@seq@number=\count112

("C:\Users\IVAN\AppData\Local\Programs\MiKTeX 2.9\tex/latex/oberdiek\rerunfilec
heck.sty"
Package: rerunfilecheck 2016/05/16 v1.8 Rerun checks for auxiliary files (HO)
Package uniquecounter Info: New unique counter `rerunfilecheck' on input line 2
82.
)
\Hy@SectionHShift=\skip82
)
\mylenf=\skip83

("C:\Users\IVAN\AppData\Local\Programs\MiKTeX 2.9\tex/latex/caption\caption.sty
"
Package: caption 2018/10/06 v3.3-154 Customizing captions (AR)

("C:\Users\IVAN\AppData\Local\Programs\MiKTeX 2.9\tex/latex/caption\caption3.st
y"
Package: caption3 2018/09/12 v1.8c caption3 kernel (AR)
Package caption3 Info: TeX engine: e-TeX on input line 64.
\captionmargin=\dimen134
\captionmargin@=\dimen135
\captionwidth=\dimen136
\caption@tempdima=\dimen137
\caption@indent=\dimen138
\caption@parindent=\dimen139
\caption@hangindent=\dimen140
)
\c@caption@flags=\count113
\c@ContinuedFloat=\count114
Package caption Info: float package is loaded.
Package caption Info: hyperref package is loaded.
)
("C:\Users\IVAN\AppData\Local\Programs\MiKTeX 2.9\tex/latex/caption\subcaption.
sty"
Package: subcaption 2018/05/01 v1.1-162 Sub-captions (AR)
\c@subfigure=\count115
\c@subtable=\count116
)
("C:\Users\IVAN\AppData\Local\Programs\MiKTeX 2.9\tex/latex/base\textcomp.sty"
Package: textcomp 2018/08/11 v2.0j Standard LaTeX package
Package textcomp Info: Sub-encoding information:
(textcomp)               5 = only ISO-Adobe without \textcurrency
(textcomp)               4 = 5 + \texteuro
(textcomp)               3 = 4 + \textohm
(textcomp)               2 = 3 + \textestimated + \textcurrency
(textcomp)               1 = TS1 - \textcircled - \t
(textcomp)               0 = TS1 (full)
(textcomp)             Font families with sub-encoding setting implement
(textcomp)             only a restricted character set as indicated.
(textcomp)             Family '?' is the default used for unknown fonts.
(textcomp)             See the documentation for details.
Package textcomp Info: Setting ? sub-encoding to TS1/1 on input line 79.

("C:\Users\IVAN\AppData\Local\Programs\MiKTeX 2.9\tex/latex/base\ts1enc.def"
File: ts1enc.def 2001/06/05 v3.0e (jk/car/fm) Standard LaTeX file
Now handling font encoding TS1 ...
... processing UTF-8 mapping file for font encoding TS1

("C:\Users\IVAN\AppData\Local\Programs\MiKTeX 2.9\tex/latex/base\ts1enc.dfu"
File: ts1enc.dfu 2018/10/05 v1.2f UTF-8 support for inputenc
   defining Unicode char U+00A2 (decimal 162)
   defining Unicode char U+00A3 (decimal 163)
   defining Unicode char U+00A4 (decimal 164)
   defining Unicode char U+00A5 (decimal 165)
   defining Unicode char U+00A6 (decimal 166)
   defining Unicode char U+00A7 (decimal 167)
   defining Unicode char U+00A8 (decimal 168)
   defining Unicode char U+00A9 (decimal 169)
   defining Unicode char U+00AA (decimal 170)
   defining Unicode char U+00AC (decimal 172)
   defining Unicode char U+00AE (decimal 174)
   defining Unicode char U+00AF (decimal 175)
   defining Unicode char U+00B0 (decimal 176)
   defining Unicode char U+00B1 (decimal 177)
   defining Unicode char U+00B2 (decimal 178)
   defining Unicode char U+00B3 (decimal 179)
   defining Unicode char U+00B4 (decimal 180)
   defining Unicode char U+00B5 (decimal 181)
   defining Unicode char U+00B6 (decimal 182)
   defining Unicode char U+00B7 (decimal 183)
   defining Unicode char U+00B9 (decimal 185)
   defining Unicode char U+00BA (decimal 186)
   defining Unicode char U+00BC (decimal 188)
   defining Unicode char U+00BD (decimal 189)
   defining Unicode char U+00BE (decimal 190)
   defining Unicode char U+00D7 (decimal 215)
   defining Unicode char U+00F7 (decimal 247)
   defining Unicode char U+0192 (decimal 402)
   defining Unicode char U+02C7 (decimal 711)
   defining Unicode char U+02D8 (decimal 728)
   defining Unicode char U+02DD (decimal 733)
   defining Unicode char U+0E3F (decimal 3647)
   defining Unicode char U+2016 (decimal 8214)
   defining Unicode char U+2020 (decimal 8224)
   defining Unicode char U+2021 (decimal 8225)
   defining Unicode char U+2022 (decimal 8226)
   defining Unicode char U+2030 (decimal 8240)
   defining Unicode char U+2031 (decimal 8241)
   defining Unicode char U+203B (decimal 8251)
   defining Unicode char U+203D (decimal 8253)
   defining Unicode char U+2044 (decimal 8260)
   defining Unicode char U+204E (decimal 8270)
   defining Unicode char U+2052 (decimal 8274)
   defining Unicode char U+20A1 (decimal 8353)
   defining Unicode char U+20A4 (decimal 8356)
   defining Unicode char U+20A6 (decimal 8358)
   defining Unicode char U+20A9 (decimal 8361)
   defining Unicode char U+20AB (decimal 8363)
   defining Unicode char U+20AC (decimal 8364)
   defining Unicode char U+20B1 (decimal 8369)
   defining Unicode char U+2103 (decimal 8451)
   defining Unicode char U+2116 (decimal 8470)
   defining Unicode char U+2117 (decimal 8471)
   defining Unicode char U+211E (decimal 8478)
   defining Unicode char U+2120 (decimal 8480)
   defining Unicode char U+2122 (decimal 8482)
   defining Unicode char U+2126 (decimal 8486)
   defining Unicode char U+2127 (decimal 8487)
   defining Unicode char U+212E (decimal 8494)
   defining Unicode char U+2190 (decimal 8592)
   defining Unicode char U+2191 (decimal 8593)
   defining Unicode char U+2192 (decimal 8594)
   defining Unicode char U+2193 (decimal 8595)
   defining Unicode char U+2329 (decimal 9001)
   defining Unicode char U+232A (decimal 9002)
   defining Unicode char U+2422 (decimal 9250)
   defining Unicode char U+25E6 (decimal 9702)
   defining Unicode char U+25EF (decimal 9711)
   defining Unicode char U+266A (decimal 9834)
   defining Unicode char U+FEFF (decimal 65279)
))
LaTeX Info: Redefining \oldstylenums on input line 334.
Package textcomp Info: Setting cmr sub-encoding to TS1/0 on input line 349.
Package textcomp Info: Setting cmss sub-encoding to TS1/0 on input line 350.
Package textcomp Info: Setting cmtt sub-encoding to TS1/0 on input line 351.
Package textcomp Info: Setting cmvtt sub-encoding to TS1/0 on input line 352.
Package textcomp Info: Setting cmbr sub-encoding to TS1/0 on input line 353.
Package textcomp Info: Setting cmtl sub-encoding to TS1/0 on input line 354.
Package textcomp Info: Setting ccr sub-encoding to TS1/0 on input line 355.
Package textcomp Info: Setting ptm sub-encoding to TS1/4 on input line 356.
Package textcomp Info: Setting pcr sub-encoding to TS1/4 on input line 357.
Package textcomp Info: Setting phv sub-encoding to TS1/4 on input line 358.
Package textcomp Info: Setting ppl sub-encoding to TS1/3 on input line 359.
Package textcomp Info: Setting pag sub-encoding to TS1/4 on input line 360.
Package textcomp Info: Setting pbk sub-encoding to TS1/4 on input line 361.
Package textcomp Info: Setting pnc sub-encoding to TS1/4 on input line 362.
Package textcomp Info: Setting pzc sub-encoding to TS1/4 on input line 363.
Package textcomp Info: Setting bch sub-encoding to TS1/4 on input line 364.
Package textcomp Info: Setting put sub-encoding to TS1/5 on input line 365.
Package textcomp Info: Setting uag sub-encoding to TS1/5 on input line 366.
Package textcomp Info: Setting ugq sub-encoding to TS1/5 on input line 367.
Package textcomp Info: Setting ul8 sub-encoding to TS1/4 on input line 368.
Package textcomp Info: Setting ul9 sub-encoding to TS1/4 on input line 369.
Package textcomp Info: Setting augie sub-encoding to TS1/5 on input line 370.
Package textcomp Info: Setting dayrom sub-encoding to TS1/3 on input line 371.
Package textcomp Info: Setting dayroms sub-encoding to TS1/3 on input line 372.

Package textcomp Info: Setting pxr sub-encoding to TS1/0 on input line 373.
Package textcomp Info: Setting pxss sub-encoding to TS1/0 on input line 374.
Package textcomp Info: Setting pxtt sub-encoding to TS1/0 on input line 375.
Package textcomp Info: Setting txr sub-encoding to TS1/0 on input line 376.
Package textcomp Info: Setting txss sub-encoding to TS1/0 on input line 377.
Package textcomp Info: Setting txtt sub-encoding to TS1/0 on input line 378.
Package textcomp Info: Setting lmr sub-encoding to TS1/0 on input line 379.
Package textcomp Info: Setting lmdh sub-encoding to TS1/0 on input line 380.
Package textcomp Info: Setting lmss sub-encoding to TS1/0 on input line 381.
Package textcomp Info: Setting lmssq sub-encoding to TS1/0 on input line 382.
Package textcomp Info: Setting lmvtt sub-encoding to TS1/0 on input line 383.
Package textcomp Info: Setting lmtt sub-encoding to TS1/0 on input line 384.
Package textcomp Info: Setting qhv sub-encoding to TS1/0 on input line 385.
Package textcomp Info: Setting qag sub-encoding to TS1/0 on input line 386.
Package textcomp Info: Setting qbk sub-encoding to TS1/0 on input line 387.
Package textcomp Info: Setting qcr sub-encoding to TS1/0 on input line 388.
Package textcomp Info: Setting qcs sub-encoding to TS1/0 on input line 389.
Package textcomp Info: Setting qpl sub-encoding to TS1/0 on input line 390.
Package textcomp Info: Setting qtm sub-encoding to TS1/0 on input line 391.
Package textcomp Info: Setting qzc sub-encoding to TS1/0 on input line 392.
Package textcomp Info: Setting qhvc sub-encoding to TS1/0 on input line 393.
Package textcomp Info: Setting futs sub-encoding to TS1/4 on input line 394.
Package textcomp Info: Setting futx sub-encoding to TS1/4 on input line 395.
Package textcomp Info: Setting futj sub-encoding to TS1/4 on input line 396.
Package textcomp Info: Setting hlh sub-encoding to TS1/3 on input line 397.
Package textcomp Info: Setting hls sub-encoding to TS1/3 on input line 398.
Package textcomp Info: Setting hlst sub-encoding to TS1/3 on input line 399.
Package textcomp Info: Setting hlct sub-encoding to TS1/5 on input line 400.
Package textcomp Info: Setting hlx sub-encoding to TS1/5 on input line 401.
Package textcomp Info: Setting hlce sub-encoding to TS1/5 on input line 402.
Package textcomp Info: Setting hlcn sub-encoding to TS1/5 on input line 403.
Package textcomp Info: Setting hlcw sub-encoding to TS1/5 on input line 404.
Package textcomp Info: Setting hlcf sub-encoding to TS1/5 on input line 405.
Package textcomp Info: Setting pplx sub-encoding to TS1/3 on input line 406.
Package textcomp Info: Setting pplj sub-encoding to TS1/3 on input line 407.
Package textcomp Info: Setting ptmx sub-encoding to TS1/4 on input line 408.
Package textcomp Info: Setting ptmj sub-encoding to TS1/4 on input line 409.
) ("C:\Users\IVAN\AppData\Local\Programs\MiKTeX 2.9\tex/latex/amsmath\amsmath.s
ty"
Package: amsmath 2018/12/01 v2.17b AMS math features
\@mathmargin=\skip84

For additional information on amsmath, use the `?' option.
("C:\Users\IVAN\AppData\Local\Programs\MiKTeX 2.9\tex/latex/amsmath\amstext.sty
"
Package: amstext 2000/06/29 v2.01 AMS text
 ("C:\Users\IVAN\AppData\Local\Programs\MiKTeX 2.9\tex/latex/amsmath\amsgen.sty
"
File: amsgen.sty 1999/11/30 v2.0 generic functions
\@emptytoks=\toks23
\ex@=\dimen141
))
("C:\Users\IVAN\AppData\Local\Programs\MiKTeX 2.9\tex/latex/amsmath\amsbsy.sty"
Package: amsbsy 1999/11/29 v1.2d Bold Symbols
\pmbraise@=\dimen142
) ("C:\Users\IVAN\AppData\Local\Programs\MiKTeX 2.9\tex/latex/amsmath\amsopn.st
y"
Package: amsopn 2016/03/08 v2.02 operator names
)
\inf@bad=\count117
LaTeX Info: Redefining \frac on input line 223.
\uproot@=\count118
\leftroot@=\count119
LaTeX Info: Redefining \overline on input line 385.
\classnum@=\count120
\DOTSCASE@=\count121
LaTeX Info: Redefining \ldots on input line 482.
LaTeX Info: Redefining \dots on input line 485.
LaTeX Info: Redefining \cdots on input line 606.
\Mathstrutbox@=\box31
\strutbox@=\box32
\big@size=\dimen143
LaTeX Font Info:    Redeclaring font encoding OML on input line 729.
LaTeX Font Info:    Redeclaring font encoding OMS on input line 730.
\macc@depth=\count122
\c@MaxMatrixCols=\count123
\dotsspace@=\muskip11
\c@parentequation=\count124
\dspbrk@lvl=\count125
\tag@help=\toks24
\row@=\count126
\column@=\count127
\maxfields@=\count128
\andhelp@=\toks25
\eqnshift@=\dimen144
\alignsep@=\dimen145
\tagshift@=\dimen146
\tagwidth@=\dimen147
\totwidth@=\dimen148
\lineht@=\dimen149
\@envbody=\toks26
\multlinegap=\skip85
\multlinetaggap=\skip86
\mathdisplay@stack=\toks27
LaTeX Info: Redefining \[ on input line 2844.
LaTeX Info: Redefining \] on input line 2845.
) (Laporan_KP.aux (BAB_1.aux) (BAB_2.aux) (BAB_3.aux

LaTeX Warning: Label `g_ik' multiply defined.

) (BAB_4.aux) (BAB_5.aux))
\openout1 = `Laporan_KP.aux'.

LaTeX Font Info:    Checking defaults for OML/cmm/m/it on input line 46.
LaTeX Font Info:    ... okay on input line 46.
LaTeX Font Info:    Checking defaults for T1/cmr/m/n on input line 46.
LaTeX Font Info:    ... okay on input line 46.
LaTeX Font Info:    Checking defaults for OT1/cmr/m/n on input line 46.
LaTeX Font Info:    ... okay on input line 46.
LaTeX Font Info:    Checking defaults for OMS/cmsy/m/n on input line 46.
LaTeX Font Info:    ... okay on input line 46.
LaTeX Font Info:    Checking defaults for OMX/cmex/m/n on input line 46.
LaTeX Font Info:    ... okay on input line 46.
LaTeX Font Info:    Checking defaults for U/cmr/m/n on input line 46.
LaTeX Font Info:    ... okay on input line 46.
LaTeX Font Info:    Checking defaults for PD1/pdf/m/n on input line 46.
LaTeX Font Info:    ... okay on input line 46.
LaTeX Font Info:    Checking defaults for TS1/cmr/m/n on input line 46.
LaTeX Font Info:    Try loading font information for TS1+cmr on input line 46.

("C:\Users\IVAN\AppData\Local\Programs\MiKTeX 2.9\tex/latex/base\ts1cmr.fd"
File: ts1cmr.fd 2014/09/29 v2.5h Standard LaTeX font definitions
)
LaTeX Font Info:    ... okay on input line 46.
LaTeX Font Info:    Try loading font information for T1+ptm on input line 46.

("C:\Users\IVAN\AppData\Local\Programs\MiKTeX 2.9\tex/latex/psnfss\t1ptm.fd"
File: t1ptm.fd 2001/06/04 font definitions for T1/ptm.
)
("C:\Users\IVAN\AppData\Local\Programs\MiKTeX 2.9\tex/context/base/mkii\supp-pd
f.mkii"
[Loading MPS to PDF converter (version 2006.09.02).]
\scratchcounter=\count129
\scratchdimen=\dimen150
\scratchbox=\box33
\nofMPsegments=\count130
\nofMParguments=\count131
\everyMPshowfont=\toks28
\MPscratchCnt=\count132
\MPscratchDim=\dimen151
\MPnumerator=\count133
\makeMPintoPDFobject=\count134
\everyMPtoPDFconversion=\toks29
)
("C:\Users\IVAN\AppData\Local\Programs\MiKTeX 2.9\tex/latex/oberdiek\epstopdf-b
ase.sty"
Package: epstopdf-base 2016/05/15 v2.6 Base part for package epstopdf

("C:\Users\IVAN\AppData\Local\Programs\MiKTeX 2.9\tex/latex/oberdiek\grfext.sty
"
Package: grfext 2016/05/16 v1.2 Manage graphics extensions (HO)
)
Package epstopdf-base Info: Redefining graphics rule for `.eps' on input line 4
38.
Package grfext Info: Graphics extension search list:
(grfext)             [.pdf,.png,.jpg,.mps,.jpeg,.jbig2,.jb2,.PDF,.PNG,.JPG,.JPE
G,.JBIG2,.JB2,.eps]
(grfext)             \AppendGraphicsExtensions on input line 456.
)
*geometry* driver: auto-detecting
*geometry* detected driver: pdftex
*geometry* verbose mode - [ preamble ] result:
* pass: disregarded the geometry package!
* \paperwidth=597.50787pt
* \paperheight=845.04684pt
* \textwidth=406.87448pt
* \textheight=625.96062pt
* \oddsidemargin=41.54121pt
* \evensidemargin=41.54121pt
* \topmargin=-25.6073pt
* \headheight=12.0pt
* \headsep=65.44142pt
* \topskip=5.1654pt
* \footskip=42.67912pt
* \marginparwidth=0.0pt
* \marginparsep=0.0pt
* \columnsep=10.0pt
* \skip\footins=10.8pt plus 4.0pt minus 2.0pt
* \hoffset=0.0pt
* \voffset=0.0pt
* \mag=1000
* \@twocolumnfalse
* \@twosidefalse
* \@mparswitchfalse
* \@reversemarginfalse
* (1in=72.27pt=25.4mm, 1cm=28.453pt)

\AtBeginShipoutBox=\box34
Package hyperref Info: Link coloring OFF on input line 46.

("C:\Users\IVAN\AppData\Local\Programs\MiKTeX 2.9\tex/latex/hyperref\nameref.st
y"
Package: nameref 2016/05/21 v2.44 Cross-referencing by name of section

("C:\Users\IVAN\AppData\Local\Programs\MiKTeX 2.9\tex/generic/oberdiek\gettitle
string.sty"
Package: gettitlestring 2016/05/16 v1.5 Cleanup title references (HO)
)
\c@section@level=\count135
)
LaTeX Info: Redefining \ref on input line 46.
LaTeX Info: Redefining \pageref on input line 46.
LaTeX Info: Redefining \nameref on input line 46.
 (Laporan_KP.out) (Laporan_KP.out)
\@outlinefile=\write3
\openout3 = `Laporan_KP.out'.

Package caption Info: Begin \AtBeginDocument code.
Package caption Info: End \AtBeginDocument code.
LaTeX Font Info:    Font shape `T1/ptm/bx/n' in size <14> not available
(Font)              Font shape `T1/ptm/b/n' tried instead on input line 48.
<gambar/logougm.png, id=219, 110.5731pt x 112.2594pt>
File: gambar/logougm.png Graphic file (type png)
<use gambar/logougm.png>
Package pdftex.def Info: gambar/logougm.png  used on input line 48.
(pdftex.def)             Requested size: 156.49014pt x 158.89041pt.
LaTeX Font Info:    Calculating math sizes for size <14> on input line 48.
LaTeX Font Info:    Try loading font information for U+lasy on input line 48.

("C:\Users\IVAN\AppData\Local\Programs\MiKTeX 2.9\tex/latex/base\ulasy.fd"
File: ulasy.fd 1998/08/17 v2.2e LaTeX symbol font definitions
)
[1

{C:/Users/IVAN/AppData/Local/MiKTeX/2.9/pdftex/config/pdftex.map} <./gambar/log
ougm.png>]
LaTeX Font Info:    Font shape `T1/ptm/bx/n' in size <14.4> not available
(Font)              Font shape `T1/ptm/b/n' tried instead on input line 50.
LaTeX Font Info:    Font shape `T1/ptm/bx/n' in size <12> not available
(Font)              Font shape `T1/ptm/b/n' tried instead on input line 50.
 [2

]
Overfull \hbox (1.75775pt too wide) in paragraph at lines 69--77
[][] 
 []

[3

] (Laporan_KP.toc
LaTeX Font Info:    Font shape `T1/ptm/bx/it' in size <12> not available
(Font)              Font shape `T1/ptm/b/it' tried instead on input line 10.
 [4

])
\tf@toc=\write4
\openout4 = `Laporan_KP.toc'.

 [5] (Laporan_KP.lot)
\tf@lot=\write5
\openout5 = `Laporan_KP.lot'.

 [6

] (Laporan_KP.lof [7

])
\tf@lof=\write6
\openout6 = `Laporan_KP.lof'.

 [8]
[9


]
LaTeX Font Info:    Font shape `T1/ptm/bx/it' in size <14.4> not available
(Font)              Font shape `T1/ptm/b/it' tried instead on input line 91.
 [10


]
\openout2 = `BAB_1.aux'.

 (BAB_1.tex
BAB I.

Underfull \hbox (badness 10000) in paragraph at lines 13--14

 []

[1



] [2]
Overfull \hbox (0.50226pt too wide) in paragraph at lines 48--50
\T1/ptm/m/n/12 Peralatan yang di-gu-nak-an da-lam Ker-ja Prak-tik ada-lah per-s
o-nal kom-pu-ter, Ardu-
 []


Overfull \hbox (5.86632pt too wide) in paragraph at lines 48--50
\T1/ptm/m/n/12 i-no Me-ga 2560, AC-to-DC Con-ver-ter 12V, mo-dul DC-to-DC Con-v
er-ter LM2596,
 []

[3]
<gambar/flowchart.png, id=492, 323.2075pt x 743.77875pt>
File: gambar/flowchart.png Graphic file (type png)
<use gambar/flowchart.png>
Package pdftex.def Info: gambar/flowchart.png  used on input line 64.
(pdftex.def)             Requested size: 199.16928pt x 458.33482pt.
)
Underfull \hbox (badness 10000) in paragraph at lines 72--99

 []

[4 <./gambar/flowchart.png>] [5]
\openout2 = `BAB_2.aux'.

 (BAB_2.tex
BAB II.
<gambar/joint.png, id=504, 320.69812pt x 127.97812pt>
File: gambar/joint.png Graphic file (type png)
<use gambar/joint.png>
Package pdftex.def Info: gambar/joint.png  used on input line 15.
(pdftex.def)             Requested size: 312.9803pt x 124.90019pt.
[6



 <./gambar/joint.png>]
<gambar/articulated.jpg, id=510, 13.42157pt x 9.80807pt>
File: gambar/articulated.jpg Graphic file (type jpg)
<use gambar/articulated.jpg>
Package pdftex.def Info: gambar/articulated.jpg  used on input line 30.
(pdftex.def)             Requested size: 227.62204pt x 166.52872pt.
 [7]
<gambar/spherical.jpg, id=516, 11.20377pt x 9.44481pt>
File: gambar/spherical.jpg Graphic file (type jpg)
<use gambar/spherical.jpg>
Package pdftex.def Info: gambar/spherical.jpg  used on input line 38.
(pdftex.def)             Requested size: 227.62204pt x 191.89635pt.
<gambar/scara.jpg, id=517, 14.12898pt x 9.44481pt>
File: gambar/scara.jpg Graphic file (type jpg)
<use gambar/scara.jpg>
Package pdftex.def Info: gambar/scara.jpg  used on input line 48.
(pdftex.def)             Requested size: 227.62204pt x 152.20091pt.
 [8 <./gambar/articulated.jpg> <./gambar/spherical.jpg>]
<gambar/cylindrical.jpg, id=524, 8.27855pt x 9.8272pt>
File: gambar/cylindrical.jpg Graphic file (type jpg)
<use gambar/cylindrical.jpg>
Package pdftex.def Info: gambar/cylindrical.jpg  used on input line 57.
(pdftex.def)             Requested size: 113.81102pt x 135.18422pt.
 [9 <./gambar/scara.jpg> <./gambar/cylindrical.jpg>]
<gambar/cartesian.jpg, id=531, 13.7466pt x 10.63019pt>
File: gambar/cartesian.jpg Graphic file (type jpg)
<use gambar/cartesian.jpg>
Package pdftex.def Info: gambar/cartesian.jpg  used on input line 66.
(pdftex.def)             Requested size: 199.16928pt x 154.1531pt.
<gambar/wirst.jpg, id=532, 8.01088pt x 7.20789pt>
File: gambar/wirst.jpg Graphic file (type jpg)
<use gambar/wirst.jpg>
Package pdftex.def Info: gambar/wirst.jpg  used on input line 75.
(pdftex.def)             Requested size: 170.71652pt x 153.81241pt.

Overfull \hbox (9.61542pt too wide) in paragraph at lines 72--77
[]\T1/ptm/m/it/12 Wrist \T1/ptm/m/n/12 atau per-ge-lang-an ta-ngan me-ru-pak-an
 \T1/ptm/m/it/12 jo-int \T1/ptm/m/n/12 di-an-ta-ra le-ngan dan \T1/ptm/m/it/12 
end-effector\T1/ptm/m/n/12 .
 []

[10 <./gambar/cartesian.jpg>]
<gambar/end_effector.jpg, id=538, 451.6875pt x 489.32813pt>
File: gambar/end_effector.jpg Graphic file (type jpg)
<use gambar/end_effector.jpg>
Package pdftex.def Info: gambar/end_effector.jpg  used on input line 83.
(pdftex.def)             Requested size: 170.71652pt x 184.94609pt.
 [11 <./gambar/wirst.jpg> <./gambar/end_effector.jpg>]
<gambar/kinematika_diagram.png, id=543, 463.7325pt x 162.6075pt>
File: gambar/kinematika_diagram.png Graphic file (type png)
<use gambar/kinematika_diagram.png>
Package pdftex.def Info: gambar/kinematika_diagram.png  used on input line 94.
(pdftex.def)             Requested size: 341.43306pt x 119.72473pt.
<gambar/Kinematika_maju.png, id=544, 388.45125pt x 122.4575pt>
File: gambar/Kinematika_maju.png Graphic file (type png)
<use gambar/Kinematika_maju.png>
Package pdftex.def Info: gambar/Kinematika_maju.png  used on input line 102.
(pdftex.def)             Requested size: 341.43306pt x 107.63773pt.

Overfull \hbox (3.95096pt too wide) in paragraph at lines 108--109
[]\T1/ptm/m/n/12 Kinematika Ba-lik Ki-ne-ma-ti-ka ba-lik (\T1/ptm/m/it/12 in-ve
r-se ki-ne-ma-ti-cs\T1/ptm/m/n/12 ) di-gu-nak-an un-tuk men-
 []

[12 <./gambar/kinematika_diagram.png> <./gambar/Kinematika_maju.png>]
<gambar/kinematika_balik.png, id=551, 388.45125pt x 122.4575pt>
File: gambar/kinematika_balik.png Graphic file (type png)
<use gambar/kinematika_balik.png>
Package pdftex.def Info: gambar/kinematika_balik.png  used on input line 114.
(pdftex.def)             Requested size: 284.52756pt x 89.69778pt.
<gambar/motorDC.jpeg, id=552, 803.0pt x 803.0pt>
File: gambar/motorDC.jpeg Graphic file (type jpg)
<use gambar/motorDC.jpeg>
Package pdftex.def Info: gambar/motorDC.jpeg  used on input line 122.
(pdftex.def)             Requested size: 113.81102pt x 113.80379pt.
 [13 <./gambar/kinematika_balik.png>]
<gambar/prinsipDC.jpg, id=558, 610.73239pt x 407.15492pt>
File: gambar/prinsipDC.jpg Graphic file (type jpg)
<use gambar/prinsipDC.jpg>
Package pdftex.def Info: gambar/prinsipDC.jpg  used on input line 131.
(pdftex.def)             Requested size: 113.81102pt x 75.86919pt.
 [14 <./gambar/motorDC.jpeg> <./gambar/prinsipDC.jpg>]
<gambar/lm2596.jpg, id=563, 545.78906pt x 264.99pt>
File: gambar/lm2596.jpg Graphic file (type jpg)
<use gambar/lm2596.jpg>
Package pdftex.def Info: gambar/lm2596.jpg  used on input line 143.
(pdftex.def)             Requested size: 199.16928pt x 96.6983pt.
<gambar/arduino_mega.jpg, id=564, 602.25pt x 292.09125pt>
File: gambar/arduino_mega.jpg Graphic file (type jpg)
<use gambar/arduino_mega.jpg>
Package pdftex.def Info: gambar/arduino_mega.jpg  used on input line 151.
(pdftex.def)             Requested size: 142.26378pt x 68.998pt.
 [15 <./gambar/lm2596.jpg>] [16 <./gambar/arduino_mega.jpg>]
<gambar/driver_motor.jpg, id=574, 318.18875pt x 231.86626pt>
File: gambar/driver_motor.jpg Graphic file (type jpg)
<use gambar/driver_motor.jpg>
Package pdftex.def Info: gambar/driver_motor.jpg  used on input line 182.
(pdftex.def)             Requested size: 142.26378pt x 103.66663pt.
<gambar/processing_view.png, id=575, 894.34125pt x 586.19pt>
File: gambar/processing_view.png Graphic file (type png)
<use gambar/processing_view.png>
Package pdftex.def Info: gambar/processing_view.png  used on input line 212.
(pdftex.def)             Requested size: 341.43306pt x 223.79207pt.
 [17 <./gambar/driver_motor.jpg>] [18 <./gambar/processing_view.png>]
<gambar/bulat.png, id=586, 79.04532pt x 63.98906pt>
File: gambar/bulat.png Graphic file (type png)
<use gambar/bulat.png>
Package pdftex.def Info: gambar/bulat.png  used on input line 256.
(pdftex.def)             Requested size: 85.35826pt x 69.1042pt.
<gambar/busur.png, id=587, 79.04532pt x 76.78688pt>
File: gambar/busur.png Graphic file (type png)
<use gambar/busur.png>
Package pdftex.def Info: gambar/busur.png  used on input line 256.
(pdftex.def)             Requested size: 85.35826pt x 82.92506pt.
<gambar/garis.png, id=588, 65.49469pt x 41.4047pt>
File: gambar/garis.png Graphic file (type png)
<use gambar/garis.png>
Package pdftex.def Info: gambar/garis.png  used on input line 256.
(pdftex.def)             Requested size: 85.35826pt x 53.96379pt.
<gambar/point.png, id=589, 10.53937pt x 9.78656pt>
File: gambar/point.png Graphic file (type png)
<use gambar/point.png>
Package pdftex.def Info: gambar/point.png  used on input line 256.
(pdftex.def)             Requested size: 14.22636pt x 13.21053pt.
<gambar/kotak.png, id=590, 81.30376pt x 60.97781pt>
File: gambar/kotak.png Graphic file (type png)
<use gambar/kotak.png>
Package pdftex.def Info: gambar/kotak.png  used on input line 256.
(pdftex.def)             Requested size: 85.35826pt x 64.02391pt.
 [19] [20 <./gambar/bulat.png> <./gambar/busur.png> <./gambar/garis.png> <./gam
bar/point.png> <./gambar/kotak.png>]
<gambar/compile.jpg, id=607, 170.13562pt x 123.46124pt>
File: gambar/compile.jpg Graphic file (type jpg)
<use gambar/compile.jpg>
Package pdftex.def Info: gambar/compile.jpg  used on input line 280.
(pdftex.def)             Requested size: 142.26378pt x 103.2414pt.
 [21 <./gambar/compile.jpg>]
<gambar/controlp5.jpg, id=614, 381.425pt x 306.14375pt>
File: gambar/controlp5.jpg Graphic file (type jpg)
<use gambar/controlp5.jpg>
Package pdftex.def Info: gambar/controlp5.jpg  used on input line 293.
(pdftex.def)             Requested size: 227.62204pt x 182.69733pt.
LaTeX Font Info:    Try loading font information for TS1+ptm on input line 309.


("C:\Users\IVAN\AppData\Local\Programs\MiKTeX 2.9\tex/latex/psnfss\ts1ptm.fd"
File: ts1ptm.fd 2001/06/04 font definitions for TS1/ptm.
)
[22 <./gambar/controlp5.jpg>]) [23]
\openout2 = `BAB_3.aux'.

 (BAB_3.tex
BAB III.
<gambar/Rangkaian_Diagram.png, id=625, 742.775pt x 524.96124pt>
File: gambar/Rangkaian_Diagram.png Graphic file (type png)
<use gambar/Rangkaian_Diagram.png>
Package pdftex.def Info: gambar/Rangkaian_Diagram.png  used on input line 9.
(pdftex.def)             Requested size: 341.43306pt x 241.31688pt.
[24



 <./gambar/Rangkaian_Diagram.png>]
<gambar/scaraa.png, id=631, 853.1875pt x 700.6175pt>
File: gambar/scaraa.png Graphic file (type png)
<use gambar/scaraa.png>
Package pdftex.def Info: gambar/scaraa.png  used on input line 24.
(pdftex.def)             Requested size: 199.16928pt x 163.55469pt.
 [25]
<gambar/3dscara.png, id=636, 407.75494pt x 223.65663pt>
File: gambar/3dscara.png Graphic file (type png)
<use gambar/3dscara.png>
Package pdftex.def Info: gambar/3dscara.png  used on input line 29.
(pdftex.def)             Requested size: 199.16928pt x 109.2446pt.
 [26 <./gambar/scaraa.png> <./gambar/3dscara.png>]
<gambar/potsementara.jpg, id=643, 1284.8pt x 1284.8pt>
File: gambar/potsementara.jpg Graphic file (type jpg)
<use gambar/potsementara.jpg>
Package pdftex.def Info: gambar/potsementara.jpg  used on input line 53.
(pdftex.def)             Requested size: 142.26378pt x 142.24985pt.

Overfull \hbox (6.67764pt too wide) in paragraph at lines 50--55
\T1/ptm/m/n/12 de-ngan ti-ga de-ra-jat ke-be-bas-an yang me-li-pu-ti ba-gi-an \
T1/ptm/m/it/12 sho-u-lder\T1/ptm/m/n/12 , \T1/ptm/m/it/12 el-bow\T1/ptm/m/n/12 
, ser-ta \T1/ptm/m/it/12 end-effector\T1/ptm/m/n/12 .
 []


Overfull \hbox (19.92715pt too wide) in paragraph at lines 62--75
 [][] 
 []

[27 <./gambar/potsementara.jpg>]
File: gambar/potsementara.jpg Graphic file (type jpg)
<use gambar/potsementara.jpg>
Package pdftex.def Info: gambar/potsementara.jpg  used on input line 80.
(pdftex.def)             Requested size: 142.26378pt x 142.24985pt.
<gambar/capitsementara.jpg, id=649, 3131.7pt x 3131.7pt>
File: gambar/capitsementara.jpg Graphic file (type jpg)
<use gambar/capitsementara.jpg>
Package pdftex.def Info: gambar/capitsementara.jpg  used on input line 87.
(pdftex.def)             Requested size: 142.26378pt x 142.25842pt.
 [28]
<gambar/penuamticsementara.jpg, id=658, 1284.8pt x 1284.8pt>
File: gambar/penuamticsementara.jpg Graphic file (type jpg)
<use gambar/penuamticsementara.jpg>
Package pdftex.def Info: gambar/penuamticsementara.jpg  used on input line 93.
(pdftex.def)             Requested size: 142.26378pt x 142.24985pt.

Overfull \hbox (0.31607pt too wide) in paragraph at lines 90--95
[]\T1/ptm/m/n/12 Semua per-ge-rak-an pa-da \T1/ptm/m/it/12 end-effector \T1/ptm
/m/n/12 di-te-na-gai oleh se-bu-ah te-kan-an uda-ra yang
 []

File: gambar/penuamticsementara.jpg Graphic file (type jpg)
<use gambar/penuamticsementara.jpg>
Package pdftex.def Info: gambar/penuamticsementara.jpg  used on input line 99.
(pdftex.def)             Requested size: 142.26378pt x 142.24985pt.
[29 <./gambar/capitsementara.jpg> <./gambar/penuamticsementara.jpg>]
File: gambar/penuamticsementara.jpg Graphic file (type jpg)
<use gambar/penuamticsementara.jpg>
Package pdftex.def Info: gambar/penuamticsementara.jpg  used on input line 106.

(pdftex.def)             Requested size: 142.26378pt x 142.24985pt.
File: gambar/penuamticsementara.jpg Graphic file (type jpg)
<use gambar/penuamticsementara.jpg>
Package pdftex.def Info: gambar/penuamticsementara.jpg  used on input line 112.

(pdftex.def)             Requested size: 142.26378pt x 142.24985pt.
 [30]
File: gambar/penuamticsementara.jpg Graphic file (type jpg)
<use gambar/penuamticsementara.jpg>
Package pdftex.def Info: gambar/penuamticsementara.jpg  used on input line 118.

(pdftex.def)             Requested size: 142.26378pt x 142.24985pt.
<gambar/rangakaiandriver.jpg, id=667, 568.37344pt x 452.4403pt>
File: gambar/rangakaiandriver.jpg Graphic file (type jpg)
<use gambar/rangakaiandriver.jpg>
Package pdftex.def Info: gambar/rangakaiandriver.jpg  used on input line 127.
(pdftex.def)             Requested size: 284.52756pt x 226.50266pt.

[31]
<gambar/drivermotor.jpg, id=673, 877.12958pt x 327.87758pt>
File: gambar/drivermotor.jpg Graphic file (type jpg)
<use gambar/drivermotor.jpg>
Package pdftex.def Info: gambar/drivermotor.jpg  used on input line 132.
(pdftex.def)             Requested size: 284.52756pt x 106.35382pt.
<gambar/relay.jpg, id=674, 360.59718pt x 289.83281pt>
File: gambar/relay.jpg Graphic file (type jpg)
<use gambar/relay.jpg>
Package pdftex.def Info: gambar/relay.jpg  used on input line 139.
(pdftex.def)             Requested size: 199.16928pt x 160.08075pt.
 [32 <./gambar/rangakaiandriver.jpg> <./gambar/drivermotor.jpg>]
<gambar/tip31.png, id=680, 656.4525pt x 846.16125pt>
File: gambar/tip31.png Graphic file (type png)
<use gambar/tip31.png>
Package pdftex.def Info: gambar/tip31.png  used on input line 144.
(pdftex.def)             Requested size: 199.16928pt x 256.72957pt.
<gambar/skematik.pdf, id=681, 757.32938pt x 465.23813pt>
File: gambar/skematik.pdf Graphic file (type pdf)
<use gambar/skematik.pdf>
Package pdftex.def Info: gambar/skematik.pdf  used on input line 151.
(pdftex.def)             Requested size: 426.79134pt x 262.18562pt.

Overfull \hbox (19.91685pt too wide) in paragraph at lines 151--152
 [][] 
 []

[33 <./gambar/relay.jpg> <./gambar/tip31.png>] [34 <./gambar/skematik.pdf>]
<gambar/catudaya_bb.png, id=693, 1096.095pt x 695.59875pt>
File: gambar/catudaya_bb.png Graphic file (type png)
<use gambar/catudaya_bb.png>
Package pdftex.def Info: gambar/catudaya_bb.png  used on input line 190.
(pdftex.def)             Requested size: 227.62204pt x 144.4455pt.

[35]
File: gambar/catudaya_bb.png Graphic file (type png)
<use gambar/catudaya_bb.png>
Package pdftex.def Info: gambar/catudaya_bb.png  used on input line 197.
(pdftex.def)             Requested size: 284.52756pt x 180.56483pt.
 [36 <./gambar/catudaya_bb.png>] [37] [38]
File: gambar/catudaya_bb.png Graphic file (type png)
<use gambar/catudaya_bb.png>
Package pdftex.def Info: gambar/catudaya_bb.png  used on input line 256.
(pdftex.def)             Requested size: 227.62204pt x 144.4455pt.
 [39] [40] [41]
File: gambar/catudaya_bb.png Graphic file (type png)
<use gambar/catudaya_bb.png>
Package pdftex.def Info: gambar/catudaya_bb.png  used on input line 310.
(pdftex.def)             Requested size: 227.62204pt x 144.4455pt.
 [42]) [43]
\openout2 = `BAB_4.aux'.


(BAB_4.tex
BAB IV.
[44



] [45] [46]

LaTeX Warning: Reference `tbl.potensio' on page 47 undefined on input line 86.

[47] [48] [49]
File: gambar/controlp5.jpg Graphic file (type jpg)
<use gambar/controlp5.jpg>
Package pdftex.def Info: gambar/controlp5.jpg  used on input line 188.
(pdftex.def)             Requested size: 227.62204pt x 182.69733pt.
 [50]
File: gambar/controlp5.jpg Graphic file (type jpg)
<use gambar/controlp5.jpg>
Package pdftex.def Info: gambar/controlp5.jpg  used on input line 219.
(pdftex.def)             Requested size: 227.62204pt x 182.69733pt.
 [51]

LaTeX Warning: Reference `tbl.jointshoudler' on page 52 undefined on input line
 228.

[52]
File: gambar/controlp5.jpg Graphic file (type jpg)
<use gambar/controlp5.jpg>
Package pdftex.def Info: gambar/controlp5.jpg  used on input line 252.
(pdftex.def)             Requested size: 227.62204pt x 182.69733pt.
 [53]
File: gambar/controlp5.jpg Graphic file (type jpg)
<use gambar/controlp5.jpg>
Package pdftex.def Info: gambar/controlp5.jpg  used on input line 285.
(pdftex.def)             Requested size: 227.62204pt x 182.69733pt.
 [54]
File: gambar/controlp5.jpg Graphic file (type jpg)
<use gambar/controlp5.jpg>
Package pdftex.def Info: gambar/controlp5.jpg  used on input line 296.
(pdftex.def)             Requested size: 227.62204pt x 182.69733pt.

Overfull \hbox (1.52719pt too wide) in paragraph at lines 293--299
[]\T1/ptm/m/n/12 Pengujian GUI di-la-kuk-an un-tuk mem-ban-dingk-an po-si-si da
-ri ak-tu-al ro-bot SCA-
 []

[55]
File: gambar/controlp5.jpg Graphic file (type jpg)
<use gambar/controlp5.jpg>
Package pdftex.def Info: gambar/controlp5.jpg  used on input line 302.
(pdftex.def)             Requested size: 227.62204pt x 182.69733pt.
File: gambar/controlp5.jpg Graphic file (type jpg)
<use gambar/controlp5.jpg>
Package pdftex.def Info: gambar/controlp5.jpg  used on input line 308.
(pdftex.def)             Requested size: 227.62204pt x 182.69733pt.
 [56] [57]
File: gambar/controlp5.jpg Graphic file (type jpg)
<use gambar/controlp5.jpg>
Package pdftex.def Info: gambar/controlp5.jpg  used on input line 342.
(pdftex.def)             Requested size: 227.62204pt x 182.69733pt.
) [58]
\openout2 = `BAB_5.aux'.

 (BAB_5.tex) (Laporan_KP.bbl

LaTeX Warning: Empty `thebibliography' environment on input line 24.

)
Package atveryend Info: Empty hook `BeforeClearDocument' on input line 108.
 [59




]
Package atveryend Info: Empty hook `AfterLastShipout' on input line 108.
 (Laporan_KP.aux (BAB_1.aux) (BAB_2.aux) (BAB_3.aux) (BAB_4.aux)
(BAB_5.aux))
Package atveryend Info: Executing hook `AtVeryEndDocument' on input line 108.
Package atveryend Info: Executing hook `AtEndAfterFileList' on input line 108.
Package rerunfilecheck Info: File `Laporan_KP.out' has not changed.
(rerunfilecheck)             Checksum: 13295456E1403F883831266CCF35CB3D;3701.


LaTeX Warning: There were undefined references.


LaTeX Warning: There were multiply-defined labels.

Package atveryend Info: Empty hook `AtVeryVeryEnd' on input line 108.
 ) 
Here is how much of TeX's memory you used:
 10219 strings out of 492895
 155140 string characters out of 3124202
 265027 words of memory out of 3000000
 13635 multiletter control sequences out of 15000+200000
 35368 words of font info for 57 fonts, out of 3000000 for 9000
 1141 hyphenation exceptions out of 8191
 36i,18n,41p,1247b,470s stack positions out of 5000i,500n,10000p,200000b,50000s
{C:/Users/IVAN/AppData/Local/Programs/MiKTeX 2.9/fonts/enc/dvips/base/8r.enc}
<C:/Users/IVAN/AppData/Local/Programs/MiKTeX 2.9/fonts/type1/public/amsfonts/cm
/cmex10.pfb><C:/Users/IVAN/AppData/Local/Programs/MiKTeX 2.9/fonts/type1/public
/amsfonts/cm/cmmi12.pfb><C:/Users/IVAN/AppData/Local/Programs/MiKTeX 2.9/fonts/
type1/public/amsfonts/cm/cmmi8.pfb><C:/Users/IVAN/AppData/Local/Programs/MiKTeX
 2.9/fonts/type1/public/amsfonts/cm/cmr12.pfb><C:/Users/IVAN/AppData/Local/Prog
rams/MiKTeX 2.9/fonts/type1/public/amsfonts/cm/cmr8.pfb><C:/Users/IVAN/AppData/
Local/Programs/MiKTeX 2.9/fonts/type1/public/amsfonts/cm/cmsy10.pfb><C:/Users/I
VAN/AppData/Local/Programs/MiKTeX 2.9/fonts/type1/public/amsfonts/cm/cmsy8.pfb>
<C:/Users/IVAN/AppData/Local/Programs/MiKTeX 2.9/fonts/type1/urw/times/utmb8a.p
fb><C:/Users/IVAN/AppData/Local/Programs/MiKTeX 2.9/fonts/type1/urw/times/utmbi
8a.pfb><C:/Users/IVAN/AppData/Local/Programs/MiKTeX 2.9/fonts/type1/urw/times/u
tmr8a.pfb><C:/Users/IVAN/AppData/Local/Programs/MiKTeX 2.9/fonts/type1/urw/time
s/utmri8a.pfb>
Output written on Laporan_KP.pdf (69 pages, 4794869 bytes).
PDF statistics:
 962 PDF objects out of 1000 (max. 8388607)
 249 named destinations out of 1000 (max. 500000)
 623 words of extra memory for PDF output out of 10000 (max. 10000000)

